<?xml version="1.0" encoding="UTF-8"?>
<!-- Generated by org.testng.reporters.JUnitReportReporter -->
<testsuite hostname="DESKTOP-NNG2UOE" failures="0" tests="12" name="org.collegesuggest.HomePage_Footer" time="101.076" errors="0" timestamp="2024-01-25T14:27:03 IST" skipped="0">
  <testcase classname="org.collegesuggest.HomePage_Footer" name="cs_Verify_EngineeringSection_In_Footer_Is_Present_0001" time="4.125"/>
  <testcase classname="org.collegesuggest.HomePage_Footer" name="cs_Verify_ArchitectureSection_In_Footer_Is_Present_0002" time="2.082"/>
  <testcase classname="org.collegesuggest.HomePage_Footer" name="cs_Verify_MedicalSection_In_Footer_Is_Present_0003" time="2.049"/>
  <testcase classname="org.collegesuggest.HomePage_Footer" name="cs_Verify_DentalSection_In_Footer_Is_Present_0004" time="2.064"/>
  <testcase classname="org.collegesuggest.HomePage_Footer" name="cs_Verify_PharmacySection_In_Footer_Is_Present_0005" time="2.066"/>
  <testcase classname="org.collegesuggest.HomePage_Footer" name="cs_Verify_OtherLinksSection_In_Footer_Is_Present_0007" time="2.064"/>
  <testcase classname="org.collegesuggest.HomePage_Footer" name="cs_Verify_FollowUsSection_In_Footer_Is_Present_0008" time="2.061"/>
  <testcase classname="org.collegesuggest.HomePage_Footer" name="cs_Verify_EngineeringCollegeLink_In_Footer_Is_Clickable_0009" time="16.970"/>
  <testcase classname="org.collegesuggest.HomePage_Footer" name="cs_Verify_ArchitectureCollegeLink_In_Footer_Is_Clickable_0010" time="16.862"/>
  <testcase classname="org.collegesuggest.HomePage_Footer" name="cs_Verify_MedicalCollegeLink_In_Footer_Is_Clickable_0011" time="17.056"/>
  <testcase classname="org.collegesuggest.HomePage_Footer" name="cs_Verify_DentalCollegeLink_In_Footer_Is_Clickable_0012" time="16.823"/>
  <testcase classname="org.collegesuggest.HomePage_Footer" name="cs_Verify_PharmacyCollegeLink_In_Footer_Is_Clickable_0013" time="16.854"/>
</testsuite> <!-- org.collegesuggest.HomePage_Footer -->
