<?xml version="1.0" encoding="UTF-8"?>
<!-- Generated by org.testng.reporters.JUnitReportReporter -->
<testsuite hostname="DESKTOP-NNG2UOE" failures="0" tests="12" name="org.collegesuggest.HomePage_Header" time="63.752" errors="0" timestamp="2024-01-25T14:24:54 IST" skipped="0">
  <testcase classname="org.collegesuggest.HomePage_Header" name="cs_Verify_CollegeSuggest_Logo_Is_Displayed_0001" time="7.110"/>
  <testcase classname="org.collegesuggest.HomePage_Header" name="cs_Verify_HomeButton_Is_Available_In_Header_0002" time="2.061"/>
  <testcase classname="org.collegesuggest.HomePage_Header" name="cs_Verify_EngineeringButton_Is_Available_In_Header_0003" time="0.047"/>
  <testcase classname="org.collegesuggest.HomePage_Header" name="cs_Verify_MedicalButton_Is_Available_In_Header_0004" time="0.063"/>
  <testcase classname="org.collegesuggest.HomePage_Header" name="cs_Verify_DentalButton_Is_Available_In_Header_0005" time="0.063"/>
  <testcase classname="org.collegesuggest.HomePage_Header" name="cs_Verify_ArchitectureButton_Is_Available_In_Header_0006" time="0.070"/>
  <testcase classname="org.collegesuggest.HomePage_Header" name="cs_Verify_PharmacyButton_Is_Available_In_Header_0007" time="0.055"/>
  <testcase classname="org.collegesuggest.HomePage_Header" name="cs_Verify_EngineeringCollege_Link_Is_Clickable_In_Header_0008" time="14.137"/>
  <testcase classname="org.collegesuggest.HomePage_Header" name="cs_Verify_MedicalCollege_Link_Is_Clickable_In_Header_0009" time="10.156"/>
  <testcase classname="org.collegesuggest.HomePage_Header" name="cs_Verify_DentalCollege_Link_Is_Clickable_In_Header_0010" time="9.980"/>
  <testcase classname="org.collegesuggest.HomePage_Header" name="cs_Verify_ArchitectureCollege_Link_Is_Clickable_In_Header_0011" time="10.078"/>
  <testcase classname="org.collegesuggest.HomePage_Header" name="cs_Verify_PharmacyCollege_Link_Is_Clickable_In_Header_0012" time="9.932"/>
</testsuite> <!-- org.collegesuggest.HomePage_Header -->
